<?xml version="1.0" encoding="UTF-8"?>
<!-- Generated by org.testng.reporters.JUnitXMLReporter -->
<testsuite ignored="0" hostname="DESKTOP-BB6ML0F" failures="0" tests="1" name="ie" time="3.556" errors="0" timestamp="15 Mar 2018 04:15:13 GMT">
  <testcase classname="testNG.CrossBrowsertesting" name="@BeforeMethod setup" time="3.513">
    <failure type="org.openqa.selenium.WebDriverException" message="java.net.SocketException: Connection reset
Build info: version: &amp;apos;3.8.0&amp;apos;, revision: &amp;apos;924c4067df&amp;apos;, time: &amp;apos;2017-11-30T11:36:59.109Z&amp;apos;
System info: host: &amp;apos;DESKTOP-BB6ML0F&amp;apos;, ip: &amp;apos;192.168.0.2&amp;apos;, os.name: &amp;apos;Windows 10&amp;apos;, os.arch: &amp;apos;amd64&amp;apos;, os.version: &amp;apos;10.0&amp;apos;, java.version: &amp;apos;9.0.1&amp;apos;
Driver info: driver.version: InternetExplorerDriver">
      <![CDATA[org.openqa.selenium.WebDriverException: java.net.SocketException: Connection resetBuild info: version: '3.8.0', revision: '924c4067df', time: '2017-11-30T11:36:59.109Z'System info: host: 'DESKTOP-BB6ML0F', ip: '192.168.0.2', os.name: 'Windows 10', os.arch: 'amd64', os.version: '10.0', java.version: '9.0.1'Driver info: driver.version: InternetExplorerDriverat org.openqa.selenium.remote.service.DriverCommandExecutor.execute(DriverCommandExecutor.java:92)at org.openqa.selenium.remote.RemoteWebDriver.execute(RemoteWebDriver.java:601)at org.openqa.selenium.remote.RemoteWebDriver.startSession(RemoteWebDriver.java:219)at org.openqa.selenium.ie.InternetExplorerDriver.run(InternetExplorerDriver.java:223)at org.openqa.selenium.ie.InternetExplorerDriver.<init>(InternetExplorerDriver.java:215)at org.openqa.selenium.ie.InternetExplorerDriver.<init>(InternetExplorerDriver.java:152)at testNG.CrossBrowsertesting.setup(CrossBrowsertesting.java:31)Caused by: java.net.SocketException: Connection resetat java.base/java.net.SocketInputStream.read(Unknown Source)at java.base/java.net.SocketInputStream.read(Unknown Source)at org.apache.http.impl.io.SessionInputBufferImpl.streamRead(SessionInputBufferImpl.java:137)at org.apache.http.impl.io.SessionInputBufferImpl.fillBuffer(SessionInputBufferImpl.java:153)at org.apache.http.impl.io.SessionInputBufferImpl.readLine(SessionInputBufferImpl.java:282)at org.apache.http.impl.conn.DefaultHttpResponseParser.parseHead(DefaultHttpResponseParser.java:138)at org.apache.http.impl.conn.DefaultHttpResponseParser.parseHead(DefaultHttpResponseParser.java:56)at org.apache.http.impl.io.AbstractMessageParser.parse(AbstractMessageParser.java:259)at org.apache.http.impl.DefaultBHttpClientConnection.receiveResponseHeader(DefaultBHttpClientConnection.java:163)at org.apache.http.impl.conn.CPoolProxy.receiveResponseHeader(CPoolProxy.java:165)at org.apache.http.protocol.HttpRequestExecutor.doReceiveResponse(HttpRequestExecutor.java:273)at org.apache.http.protocol.HttpRequestExecutor.execute(HttpRequestExecutor.java:125)at org.apache.http.impl.execchain.MainClientExec.execute(MainClientExec.java:272)at org.apache.http.impl.execchain.ProtocolExec.execute(ProtocolExec.java:185)at org.apache.http.impl.execchain.RetryExec.execute(RetryExec.java:89)at org.apache.http.impl.execchain.RedirectExec.execute(RedirectExec.java:111)at org.apache.http.impl.client.InternalHttpClient.doExecute(InternalHttpClient.java:185)at org.apache.http.impl.client.CloseableHttpClient.execute(CloseableHttpClient.java:72)at org.apache.http.impl.client.CloseableHttpClient.execute(CloseableHttpClient.java:56)at org.openqa.selenium.remote.internal.ApacheHttpClient.fallBackExecute(ApacheHttpClient.java:138)at org.openqa.selenium.remote.internal.ApacheHttpClient.execute(ApacheHttpClient.java:86)at org.openqa.selenium.remote.ProtocolHandshake.createSession(ProtocolHandshake.java:101)at org.openqa.selenium.remote.ProtocolHandshake.createSession(ProtocolHandshake.java:73)at org.openqa.selenium.remote.HttpCommandExecutor.execute(HttpCommandExecutor.java:142)at org.openqa.selenium.remote.service.DriverCommandExecutor.execute(DriverCommandExecutor.java:83)... 34 more... Removed 28 stack frames]]>
    </failure>
  </testcase> <!-- @BeforeMethod setup -->
  <testcase classname="testNG.CrossBrowsertesting" name="@AfterMethod teardown" time="0.0">
    <skipped/>
  </testcase> <!-- @AfterMethod teardown -->
  <testcase classname="testNG.CrossBrowsertesting" name="VerifyTitle" time="0.0">
    <skipped/>
  </testcase> <!-- VerifyTitle -->
</testsuite> <!-- ie -->
